<?xml version="1.0" encoding="UTF-8"?>
<!-- Generated by org.testng.reporters.JUnitXMLReporter -->
<testsuite hostname="DESKTOP-R31J20A" ignored="0" name="Hub Spot Regression Test" tests="11" failures="1" timestamp="27 Feb 2020 22:14:03 GMT" time="212.61" errors="0">
  <testcase name="createContactsTest" time="2.616" classname="com.qa.hubspot.tests.ContactsPageTest"/>
  <testcase name="createContactsTest" time="2.436" classname="com.qa.hubspot.tests.ContactsPageTest"/>
  <testcase name="createContactsTest" time="2.626" classname="com.qa.hubspot.tests.ContactsPageTest"/>
  <testcase name="createContactsTest" time="2.647" classname="com.qa.hubspot.tests.ContactsPageTest"/>
  <testcase name="createContactsTest" time="2.596" classname="com.qa.hubspot.tests.ContactsPageTest"/>
  <testcase name="verifyLoginPagetitleTest" time="0.009" classname="com.qa.hubspot.tests.LoginTest"/>
  <testcase name="verifyHomePageTitleTest" time="0.007" classname="com.qa.hubspot.tests.HomePageTest"/>
  <testcase name="verifySignUpLinkTest" time="0.071" classname="com.qa.hubspot.tests.LoginTest"/>
  <testcase name="verifyHomePageHeaderTest" time="0.028" classname="com.qa.hubspot.tests.HomePageTest"/>
  <testcase name="doLogin" time="0.338" classname="com.qa.hubspot.tests.LoginTest"/>
  <testcase name="verifyLoggedInAccountNameTest" time="0.033" classname="com.qa.hubspot.tests.HomePageTest">
    <failure type="java.lang.AssertionError" message="expected [null] but found []">
      <![CDATA[java.lang.AssertionError: expected [null] but found []
	at com.qa.hubspot.tests.HomePageTest.verifyLoggedInAccountNameTest(HomePageTest.java:54)
... Removed 31 stack frames]]>
    </failure>
  </testcase> <!-- verifyLoggedInAccountNameTest -->
</testsuite> <!-- Hub Spot Regression Test -->
